<?xml version="1.0" encoding="UTF-8"?>
<coverage generated="1711738618061" clover="3.2.0">
  <project timestamp="1711738618061" name="All files">
    <metrics statements="37" coveredstatements="30" conditionals="4" coveredconditionals="3" methods="16" coveredmethods="9" elements="57" coveredelements="42" complexity="0" loc="37" ncloc="37" packages="3" files="8" classes="8"/>
    <package name="assets.img">
      <metrics statements="1" coveredstatements="1" conditionals="0" coveredconditionals="0" methods="0" coveredmethods="0"/>
      <file name="LgoRes.jpeg" path="/Users/chandraprakashbathula/Downloads/Hunger-Bites-Restaurant_App/src/assets/img/LgoRes.jpeg">
        <metrics statements="1" coveredstatements="1" conditionals="0" coveredconditionals="0" methods="0" coveredmethods="0"/>
        <line num="1" count="1" type="stmt"/>
      </file>
    </package>
    <package name="components">
      <metrics statements="15" coveredstatements="14" conditionals="4" coveredconditionals="3" methods="7" coveredmethods="6"/>
      <file name="Contact.jsx" path="/Users/chandraprakashbathula/Downloads/Hunger-Bites-Restaurant_App/src/components/Contact.jsx">
        <metrics statements="2" coveredstatements="2" conditionals="0" coveredconditionals="0" methods="1" coveredmethods="1"/>
        <line num="1" count="1" type="stmt"/>
        <line num="2" count="3" type="stmt"/>
      </file>
      <file name="Header.jsx" path="/Users/chandraprakashbathula/Downloads/Hunger-Bites-Restaurant_App/src/components/Header.jsx">
        <metrics statements="11" coveredstatements="10" conditionals="4" coveredconditionals="3" methods="5" coveredmethods="4"/>
        <line num="8" count="1" type="stmt"/>
        <line num="9" count="7" type="stmt"/>
        <line num="17" count="1" type="stmt"/>
        <line num="21" count="7" type="stmt"/>
        <line num="23" count="7" type="stmt"/>
        <line num="24" count="13" type="stmt"/>
        <line num="27" count="7" type="stmt"/>
        <line num="28" count="7" type="stmt"/>
        <line num="29" count="7" type="stmt"/>
        <line num="54" count="0" type="stmt"/>
        <line num="62" count="1" type="stmt"/>
      </file>
      <file name="sum.js" path="/Users/chandraprakashbathula/Downloads/Hunger-Bites-Restaurant_App/src/components/sum.js">
        <metrics statements="2" coveredstatements="2" conditionals="0" coveredconditionals="0" methods="1" coveredmethods="1"/>
        <line num="1" count="1" type="stmt"/>
        <line num="2" count="1" type="stmt"/>
      </file>
    </package>
    <package name="utils">
      <metrics statements="21" coveredstatements="15" conditionals="0" coveredconditionals="0" methods="9" coveredmethods="3"/>
      <file name="UserContext.jsx" path="/Users/chandraprakashbathula/Downloads/Hunger-Bites-Restaurant_App/src/utils/UserContext.jsx">
        <metrics statements="1" coveredstatements="1" conditionals="0" coveredconditionals="0" methods="0" coveredmethods="0"/>
        <line num="4" count="1" type="stmt"/>
      </file>
      <file name="appStore.jsx" path="/Users/chandraprakashbathula/Downloads/Hunger-Bites-Restaurant_App/src/utils/appStore.jsx">
        <metrics statements="1" coveredstatements="1" conditionals="0" coveredconditionals="0" methods="0" coveredmethods="0"/>
        <line num="4" count="1" type="stmt"/>
      </file>
      <file name="cartSlice.jsx" path="/Users/chandraprakashbathula/Downloads/Hunger-Bites-Restaurant_App/src/utils/cartSlice.jsx">
        <metrics statements="5" coveredstatements="2" conditionals="0" coveredconditionals="0" methods="3" coveredmethods="0"/>
        <line num="3" count="1" type="stmt"/>
        <line num="19" count="0" type="stmt"/>
        <line num="22" count="0" type="stmt"/>
        <line num="26" count="0" type="stmt"/>
        <line num="32" count="1" type="stmt"/>
      </file>
      <file name="useOnline.jsx" path="/Users/chandraprakashbathula/Downloads/Hunger-Bites-Restaurant_App/src/utils/useOnline.jsx">
        <metrics statements="14" coveredstatements="11" conditionals="0" coveredconditionals="0" methods="6" coveredmethods="3"/>
        <line num="3" count="1" type="stmt"/>
        <line num="4" count="7" type="stmt"/>
        <line num="6" count="7" type="stmt"/>
        <line num="7" count="6" type="stmt"/>
        <line num="8" count="0" type="stmt"/>
        <line num="11" count="6" type="stmt"/>
        <line num="12" count="0" type="stmt"/>
        <line num="13" count="0" type="stmt"/>
        <line num="17" count="6" type="stmt"/>
        <line num="18" count="6" type="stmt"/>
        <line num="19" count="6" type="stmt"/>
        <line num="20" count="6" type="stmt"/>
        <line num="21" count="6" type="stmt"/>
        <line num="25" count="7" type="stmt"/>
      </file>
    </package>
  </project>
</coverage>
