{"/Users/chandraprakashbathula/Downloads/Hunger-Bites-Restaurant_App/src/assets/img/LgoRes.jpeg": {"path":"/Users/chandraprakashbathula/Downloads/Hunger-Bites-Restaurant_App/src/assets/img/LgoRes.jpeg","statementMap":{"0":{"start":{"line":1,"column":0},"end":{"line":1,"column":31}}},"fnMap":{},"branchMap":{},"s":{"0":1},"f":{},"b":{},"_coverageSchema":"1a1c01bbd47fc00a2c39e90264f33305004495a9","hash":"5beed24d5cd17fa6bacdf8ae6751cb6ac87c66fa"}
,"/Users/chandraprakashbathula/Downloads/Hunger-Bites-Restaurant_App/src/components/Contact.jsx": {"path":"/Users/chandraprakashbathula/Downloads/Hunger-Bites-Restaurant_App/src/components/Contact.jsx","statementMap":{"0":{"start":{"line":1,"column":16},"end":{"line":14,"column":1}},"1":{"start":{"line":2,"column":2},"end":{"line":13,"column":4}}},"fnMap":{"0":{"name":"(anonymous_0)","decl":{"start":{"line":1,"column":16},"end":{"line":1,"column":17}},"loc":{"start":{"line":1,"column":22},"end":{"line":14,"column":1}},"line":1}},"branchMap":{},"s":{"0":1,"1":3},"f":{"0":3},"b":{},"_coverageSchema":"1a1c01bbd47fc00a2c39e90264f33305004495a9","hash":"4307d305da168e47891c3358f4ae6cd1b46789ca"}
,"/Users/chandraprakashbathula/Downloads/Hunger-Bites-Restaurant_App/src/components/Header.jsx": {"path":"/Users/chandraprakashbathula/Downloads/Hunger-Bites-Restaurant_App/src/components/Header.jsx","statementMap":{"0":{"start":{"line":8,"column":14},"end":{"line":15,"column":1}},"1":{"start":{"line":9,"column":2},"end":{"line":14,"column":4}},"2":{"start":{"line":17,"column":24},"end":{"line":74,"column":1}},"3":{"start":{"line":21,"column":27},"end":{"line":21,"column":50}},"4":{"start":{"line":23,"column":20},"end":{"line":25,"column":3}},"5":{"start":{"line":24,"column":4},"end":{"line":24,"column":20}},"6":{"start":{"line":27,"column":38},"end":{"line":27,"column":53}},"7":{"start":{"line":28,"column":19},"end":{"line":28,"column":30}},"8":{"start":{"line":29,"column":2},"end":{"line":73,"column":4}},"9":{"start":{"line":54,"column":20},"end":{"line":54,"column":41}},"10":{"start":{"line":62,"column":20},"end":{"line":62,"column":40}}},"fnMap":{"0":{"name":"(anonymous_0)","decl":{"start":{"line":8,"column":14},"end":{"line":8,"column":15}},"loc":{"start":{"line":8,"column":20},"end":{"line":15,"column":1}},"line":8},"1":{"name":"(anonymous_1)","decl":{"start":{"line":17,"column":24},"end":{"line":17,"column":25}},"loc":{"start":{"line":17,"column":30},"end":{"line":74,"column":1}},"line":17},"2":{"name":"(anonymous_2)","decl":{"start":{"line":23,"column":32},"end":{"line":23,"column":33}},"loc":{"start":{"line":24,"column":4},"end":{"line":24,"column":20}},"line":24},"3":{"name":"(anonymous_3)","decl":{"start":{"line":53,"column":27},"end":{"line":53,"column":28}},"loc":{"start":{"line":53,"column":33},"end":{"line":55,"column":19}},"line":53},"4":{"name":"(anonymous_4)","decl":{"start":{"line":61,"column":27},"end":{"line":61,"column":28}},"loc":{"start":{"line":61,"column":33},"end":{"line":63,"column":19}},"line":61}},"branchMap":{"0":{"loc":{"start":{"line":36,"column":49},"end":{"line":36,"column":72}},"type":"cond-expr","locations":[{"start":{"line":36,"column":60},"end":{"line":36,"column":64}},{"start":{"line":36,"column":67},"end":{"line":36,"column":72}}],"line":36},"1":{"loc":{"start":{"line":51,"column":15},"end":{"line":67,"column":15}},"type":"cond-expr","locations":[{"start":{"line":52,"column":16},"end":{"line":58,"column":25}},{"start":{"line":60,"column":16},"end":{"line":66,"column":25}}],"line":51}},"s":{"0":1,"1":7,"2":1,"3":7,"4":7,"5":13,"6":7,"7":7,"8":7,"9":0,"10":1},"f":{"0":7,"1":7,"2":13,"3":0,"4":1},"b":{"0":[7,0],"1":[1,6]},"_coverageSchema":"1a1c01bbd47fc00a2c39e90264f33305004495a9","hash":"14804701104569225b1f331a337065ff6be990ee"}
,"/Users/chandraprakashbathula/Downloads/Hunger-Bites-Restaurant_App/src/components/sum.js": {"path":"/Users/chandraprakashbathula/Downloads/Hunger-Bites-Restaurant_App/src/components/sum.js","statementMap":{"0":{"start":{"line":1,"column":19},"end":{"line":3,"column":1}},"1":{"start":{"line":2,"column":2},"end":{"line":2,"column":15}}},"fnMap":{"0":{"name":"(anonymous_0)","decl":{"start":{"line":1,"column":19},"end":{"line":1,"column":20}},"loc":{"start":{"line":1,"column":29},"end":{"line":3,"column":1}},"line":1}},"branchMap":{},"s":{"0":1,"1":1},"f":{"0":1},"b":{},"_coverageSchema":"1a1c01bbd47fc00a2c39e90264f33305004495a9","hash":"8d53345249b91daf02b7ef20fb5c52d7848eea5b"}
,"/Users/chandraprakashbathula/Downloads/Hunger-Bites-Restaurant_App/src/utils/UserContext.jsx": {"path":"/Users/chandraprakashbathula/Downloads/Hunger-Bites-Restaurant_App/src/utils/UserContext.jsx","statementMap":{"0":{"start":{"line":4,"column":20},"end":{"line":6,"column":2}}},"fnMap":{},"branchMap":{},"s":{"0":1},"f":{},"b":{},"_coverageSchema":"1a1c01bbd47fc00a2c39e90264f33305004495a9","hash":"d6f30a201f900b1023844572d77c689d9c0dc6b2"}
,"/Users/chandraprakashbathula/Downloads/Hunger-Bites-Restaurant_App/src/utils/appStore.jsx": {"path":"/Users/chandraprakashbathula/Downloads/Hunger-Bites-Restaurant_App/src/utils/appStore.jsx","statementMap":{"0":{"start":{"line":4,"column":17},"end":{"line":8,"column":2}}},"fnMap":{},"branchMap":{},"s":{"0":1},"f":{},"b":{},"_coverageSchema":"1a1c01bbd47fc00a2c39e90264f33305004495a9","hash":"e4cd49c7a8eff52cc02f530a9ecefbea3b8beba5"}
,"/Users/chandraprakashbathula/Downloads/Hunger-Bites-Restaurant_App/src/utils/cartSlice.jsx": {"path":"/Users/chandraprakashbathula/Downloads/Hunger-Bites-Restaurant_App/src/utils/cartSlice.jsx","statementMap":{"0":{"start":{"line":3,"column":18},"end":{"line":30,"column":2}},"1":{"start":{"line":19,"column":6},"end":{"line":19,"column":39}},"2":{"start":{"line":22,"column":6},"end":{"line":22,"column":40}},"3":{"start":{"line":26,"column":6},"end":{"line":26,"column":29}},"4":{"start":{"line":32,"column":50},"end":{"line":32,"column":67}}},"fnMap":{"0":{"name":"(anonymous_0)","decl":{"start":{"line":18,"column":13},"end":{"line":18,"column":14}},"loc":{"start":{"line":18,"column":32},"end":{"line":20,"column":5}},"line":18},"1":{"name":"(anonymous_1)","decl":{"start":{"line":21,"column":16},"end":{"line":21,"column":17}},"loc":{"start":{"line":21,"column":35},"end":{"line":23,"column":5}},"line":21},"2":{"name":"(anonymous_2)","decl":{"start":{"line":24,"column":15},"end":{"line":24,"column":16}},"loc":{"start":{"line":24,"column":26},"end":{"line":28,"column":5}},"line":24}},"branchMap":{},"s":{"0":1,"1":0,"2":0,"3":0,"4":1},"f":{"0":0,"1":0,"2":0},"b":{},"_coverageSchema":"1a1c01bbd47fc00a2c39e90264f33305004495a9","hash":"b72c8809930fec1fd349ef76ba510e03b02de91d"}
,"/Users/chandraprakashbathula/Downloads/Hunger-Bites-Restaurant_App/src/utils/useOnline.jsx": {"path":"/Users/chandraprakashbathula/Downloads/Hunger-Bites-Restaurant_App/src/utils/useOnline.jsx","statementMap":{"0":{"start":{"line":3,"column":18},"end":{"line":26,"column":1}},"1":{"start":{"line":4,"column":34},"end":{"line":4,"column":48}},"2":{"start":{"line":6,"column":2},"end":{"line":23,"column":9}},"3":{"start":{"line":7,"column":25},"end":{"line":9,"column":5}},"4":{"start":{"line":8,"column":6},"end":{"line":8,"column":24}},"5":{"start":{"line":11,"column":26},"end":{"line":15,"column":5}},"6":{"start":{"line":12,"column":6},"end":{"line":14,"column":8}},"7":{"start":{"line":13,"column":8},"end":{"line":13,"column":27}},"8":{"start":{"line":17,"column":4},"end":{"line":17,"column":52}},"9":{"start":{"line":18,"column":4},"end":{"line":18,"column":54}},"10":{"start":{"line":19,"column":4},"end":{"line":22,"column":6}},"11":{"start":{"line":20,"column":6},"end":{"line":20,"column":57}},"12":{"start":{"line":21,"column":6},"end":{"line":21,"column":58}},"13":{"start":{"line":25,"column":2},"end":{"line":25,"column":18}}},"fnMap":{"0":{"name":"(anonymous_0)","decl":{"start":{"line":3,"column":18},"end":{"line":3,"column":19}},"loc":{"start":{"line":3,"column":24},"end":{"line":26,"column":1}},"line":3},"1":{"name":"(anonymous_1)","decl":{"start":{"line":6,"column":12},"end":{"line":6,"column":13}},"loc":{"start":{"line":6,"column":18},"end":{"line":23,"column":3}},"line":6},"2":{"name":"(anonymous_2)","decl":{"start":{"line":7,"column":25},"end":{"line":7,"column":26}},"loc":{"start":{"line":7,"column":31},"end":{"line":9,"column":5}},"line":7},"3":{"name":"(anonymous_3)","decl":{"start":{"line":11,"column":26},"end":{"line":11,"column":27}},"loc":{"start":{"line":11,"column":32},"end":{"line":15,"column":5}},"line":11},"4":{"name":"(anonymous_4)","decl":{"start":{"line":12,"column":6},"end":{"line":12,"column":7}},"loc":{"start":{"line":12,"column":12},"end":{"line":14,"column":7}},"line":12},"5":{"name":"(anonymous_5)","decl":{"start":{"line":19,"column":11},"end":{"line":19,"column":12}},"loc":{"start":{"line":19,"column":17},"end":{"line":22,"column":5}},"line":19}},"branchMap":{},"s":{"0":1,"1":7,"2":7,"3":6,"4":0,"5":6,"6":0,"7":0,"8":6,"9":6,"10":6,"11":6,"12":6,"13":7},"f":{"0":7,"1":6,"2":0,"3":0,"4":0,"5":6},"b":{},"_coverageSchema":"1a1c01bbd47fc00a2c39e90264f33305004495a9","hash":"ce46bd42ec653df8348c9ce4ed564e41f8b15848"}
}
