TN:
SF:src/assets/img/LgoRes.jpeg
FNF:0
FNH:0
DA:1,1
LF:1
LH:1
BRF:0
BRH:0
end_of_record
TN:
SF:src/components/Contact.jsx
FN:1,(anonymous_0)
FNF:1
FNH:1
FNDA:3,(anonymous_0)
DA:1,1
DA:2,3
LF:2
LH:2
BRF:0
BRH:0
end_of_record
TN:
SF:src/components/Header.jsx
FN:8,(anonymous_0)
FN:17,(anonymous_1)
FN:23,(anonymous_2)
FN:53,(anonymous_3)
FN:61,(anonymous_4)
FNF:5
FNH:4
FNDA:7,(anonymous_0)
FNDA:7,(anonymous_1)
FNDA:13,(anonymous_2)
FNDA:0,(anonymous_3)
FNDA:1,(anonymous_4)
DA:8,1
DA:9,7
DA:17,1
DA:21,7
DA:23,7
DA:24,13
DA:27,7
DA:28,7
DA:29,7
DA:54,0
DA:62,1
LF:11
LH:10
BRDA:36,0,0,7
BRDA:36,0,1,0
BRDA:51,1,0,1
BRDA:51,1,1,6
BRF:4
BRH:3
end_of_record
TN:
SF:src/components/sum.js
FN:1,(anonymous_0)
FNF:1
FNH:1
FNDA:1,(anonymous_0)
DA:1,1
DA:2,1
LF:2
LH:2
BRF:0
BRH:0
end_of_record
TN:
SF:src/utils/UserContext.jsx
FNF:0
FNH:0
DA:4,1
LF:1
LH:1
BRF:0
BRH:0
end_of_record
TN:
SF:src/utils/appStore.jsx
FNF:0
FNH:0
DA:4,1
LF:1
LH:1
BRF:0
BRH:0
end_of_record
TN:
SF:src/utils/cartSlice.jsx
FN:18,(anonymous_0)
FN:21,(anonymous_1)
FN:24,(anonymous_2)
FNF:3
FNH:0
FNDA:0,(anonymous_0)
FNDA:0,(anonymous_1)
FNDA:0,(anonymous_2)
DA:3,1
DA:19,0
DA:22,0
DA:26,0
DA:32,1
LF:5
LH:2
BRF:0
BRH:0
end_of_record
TN:
SF:src/utils/useOnline.jsx
FN:3,(anonymous_0)
FN:6,(anonymous_1)
FN:7,(anonymous_2)
FN:11,(anonymous_3)
FN:12,(anonymous_4)
FN:19,(anonymous_5)
FNF:6
FNH:3
FNDA:7,(anonymous_0)
FNDA:6,(anonymous_1)
FNDA:0,(anonymous_2)
FNDA:0,(anonymous_3)
FNDA:0,(anonymous_4)
FNDA:6,(anonymous_5)
DA:3,1
DA:4,7
DA:6,7
DA:7,6
DA:8,0
DA:11,6
DA:12,0
DA:13,0
DA:17,6
DA:18,6
DA:19,6
DA:20,6
DA:21,6
DA:25,7
LF:14
LH:11
BRF:0
BRH:0
end_of_record
